Performing C++ SOURCE FILE Test CXXBuiltIn_FS_BuiltIn failed with the following output:
Change Dir: /home/samsung/DSA PROJECT/build/CMakeFiles/CMakeTmp

Run Build Command(s):/usr/bin/gmake -f Makefile cmTC_1c3df/fast && /usr/bin/gmake  -f CMakeFiles/cmTC_1c3df.dir/build.make CMakeFiles/cmTC_1c3df.dir/build
gmake[1]: Entering directory '/home/samsung/DSA PROJECT/build/CMakeFiles/CMakeTmp'
Building CXX object CMakeFiles/cmTC_1c3df.dir/src.cxx.o
/usr/bin/c++ -DCXXBuiltIn_FS_BuiltIn  -std=gnu++11 -o CMakeFiles/cmTC_1c3df.dir/src.cxx.o -c "/home/samsung/DSA PROJECT/build/CMakeFiles/CMakeTmp/src.cxx"
/home/samsung/DSA PROJECT/build/CMakeFiles/CMakeTmp/src.cxx: In function ‘int main()’:
/home/samsung/DSA PROJECT/build/CMakeFiles/CMakeTmp/src.cxx:4:22: error: ‘std::filesystem’ has not been declared
    4 |                 std::filesystem::path p{"       mp/"};
      |                      ^~~~~~~~~~
/home/samsung/DSA PROJECT/build/CMakeFiles/CMakeTmp/src.cxx:5:28: error: ‘std::filesystem’ has not been declared
    5 |                 throw std::filesystem::filesystem_error("Empty file name!", std::make_error_code(std::errc::invalid_argument));
      |                            ^~~~~~~~~~
/home/samsung/DSA PROJECT/build/CMakeFiles/CMakeTmp/src.cxx:5:82: error: ‘make_error_code’ is not a member of ‘std’
    5 |                 throw std::filesystem::filesystem_error("Empty file name!", std::make_error_code(std::errc::invalid_argument));
      |                                                                                  ^~~~~~~~~~~~~~~
/home/samsung/DSA PROJECT/build/CMakeFiles/CMakeTmp/src.cxx:5:103: error: ‘std::errc’ has not been declared
    5 |                 throw std::filesystem::filesystem_error("Empty file name!", std::make_error_code(std::errc::invalid_argument));
      |                                                                                                       ^~~~
gmake[1]: *** [CMakeFiles/cmTC_1c3df.dir/build.make:78: CMakeFiles/cmTC_1c3df.dir/src.cxx.o] Error 1
gmake[1]: Leaving directory '/home/samsung/DSA PROJECT/build/CMakeFiles/CMakeTmp'
gmake: *** [Makefile:127: cmTC_1c3df/fast] Error 2


Source file was:
#include <filesystem>
            int main()
            {
                std::filesystem::path p{"	mp/"};
                throw std::filesystem::filesystem_error("Empty file name!", std::make_error_code(std::errc::invalid_argument));
            }
Performing C++ SOURCE FILE Test CXXBuiltIn_FS_stdcppfs failed with the following output:
Change Dir: /home/samsung/DSA PROJECT/build/CMakeFiles/CMakeTmp

Run Build Command(s):/usr/bin/gmake -f Makefile cmTC_c4e19/fast && /usr/bin/gmake  -f CMakeFiles/cmTC_c4e19.dir/build.make CMakeFiles/cmTC_c4e19.dir/build
gmake[1]: Entering directory '/home/samsung/DSA PROJECT/build/CMakeFiles/CMakeTmp'
Building CXX object CMakeFiles/cmTC_c4e19.dir/src.cxx.o
/usr/bin/c++ -DCXXBuiltIn_FS_stdcppfs  -std=gnu++11 -o CMakeFiles/cmTC_c4e19.dir/src.cxx.o -c "/home/samsung/DSA PROJECT/build/CMakeFiles/CMakeTmp/src.cxx"
/home/samsung/DSA PROJECT/build/CMakeFiles/CMakeTmp/src.cxx: In function ‘int main()’:
/home/samsung/DSA PROJECT/build/CMakeFiles/CMakeTmp/src.cxx:4:22: error: ‘std::filesystem’ has not been declared
    4 |                 std::filesystem::path p{"       mp/"};
      |                      ^~~~~~~~~~
/home/samsung/DSA PROJECT/build/CMakeFiles/CMakeTmp/src.cxx:5:28: error: ‘std::filesystem’ has not been declared
    5 |                 throw std::filesystem::filesystem_error("Empty file name!", std::make_error_code(std::errc::invalid_argument));
      |                            ^~~~~~~~~~
/home/samsung/DSA PROJECT/build/CMakeFiles/CMakeTmp/src.cxx:5:82: error: ‘make_error_code’ is not a member of ‘std’
    5 |                 throw std::filesystem::filesystem_error("Empty file name!", std::make_error_code(std::errc::invalid_argument));
      |                                                                                  ^~~~~~~~~~~~~~~
/home/samsung/DSA PROJECT/build/CMakeFiles/CMakeTmp/src.cxx:5:103: error: ‘std::errc’ has not been declared
    5 |                 throw std::filesystem::filesystem_error("Empty file name!", std::make_error_code(std::errc::invalid_argument));
      |                                                                                                       ^~~~
gmake[1]: *** [CMakeFiles/cmTC_c4e19.dir/build.make:78: CMakeFiles/cmTC_c4e19.dir/src.cxx.o] Error 1
gmake[1]: Leaving directory '/home/samsung/DSA PROJECT/build/CMakeFiles/CMakeTmp'
gmake: *** [Makefile:127: cmTC_c4e19/fast] Error 2


Source file was:
#include <filesystem>
            int main()
            {
                std::filesystem::path p{"	mp/"};
                throw std::filesystem::filesystem_error("Empty file name!", std::make_error_code(std::errc::invalid_argument));
            }
Performing C++ SOURCE FILE Test CXXBuiltIn_FS_cppfs failed with the following output:
Change Dir: /home/samsung/DSA PROJECT/build/CMakeFiles/CMakeTmp

Run Build Command(s):/usr/bin/gmake -f Makefile cmTC_6fa19/fast && /usr/bin/gmake  -f CMakeFiles/cmTC_6fa19.dir/build.make CMakeFiles/cmTC_6fa19.dir/build
gmake[1]: Entering directory '/home/samsung/DSA PROJECT/build/CMakeFiles/CMakeTmp'
Building CXX object CMakeFiles/cmTC_6fa19.dir/src.cxx.o
/usr/bin/c++ -DCXXBuiltIn_FS_cppfs  -std=gnu++11 -o CMakeFiles/cmTC_6fa19.dir/src.cxx.o -c "/home/samsung/DSA PROJECT/build/CMakeFiles/CMakeTmp/src.cxx"
/home/samsung/DSA PROJECT/build/CMakeFiles/CMakeTmp/src.cxx: In function ‘int main()’:
/home/samsung/DSA PROJECT/build/CMakeFiles/CMakeTmp/src.cxx:4:22: error: ‘std::filesystem’ has not been declared
    4 |                 std::filesystem::path p{"       mp/"};
      |                      ^~~~~~~~~~
/home/samsung/DSA PROJECT/build/CMakeFiles/CMakeTmp/src.cxx:5:28: error: ‘std::filesystem’ has not been declared
    5 |                 throw std::filesystem::filesystem_error("Empty file name!", std::make_error_code(std::errc::invalid_argument));
      |                            ^~~~~~~~~~
/home/samsung/DSA PROJECT/build/CMakeFiles/CMakeTmp/src.cxx:5:82: error: ‘make_error_code’ is not a member of ‘std’
    5 |                 throw std::filesystem::filesystem_error("Empty file name!", std::make_error_code(std::errc::invalid_argument));
      |                                                                                  ^~~~~~~~~~~~~~~
/home/samsung/DSA PROJECT/build/CMakeFiles/CMakeTmp/src.cxx:5:103: error: ‘std::errc’ has not been declared
    5 |                 throw std::filesystem::filesystem_error("Empty file name!", std::make_error_code(std::errc::invalid_argument));
      |                                                                                                       ^~~~
gmake[1]: *** [CMakeFiles/cmTC_6fa19.dir/build.make:78: CMakeFiles/cmTC_6fa19.dir/src.cxx.o] Error 1
gmake[1]: Leaving directory '/home/samsung/DSA PROJECT/build/CMakeFiles/CMakeTmp'
gmake: *** [Makefile:127: cmTC_6fa19/fast] Error 2


Source file was:
#include <filesystem>
            int main()
            {
                std::filesystem::path p{"	mp/"};
                throw std::filesystem::filesystem_error("Empty file name!", std::make_error_code(std::errc::invalid_argument));
            }
Performing C++ SOURCE FILE Test CXX_std__cpp17_FS_BuiltIn failed with the following output:
Change Dir: /home/samsung/DSA PROJECT/build/CMakeFiles/CMakeTmp

Run Build Command(s):/usr/bin/gmake -f Makefile cmTC_7d94e/fast && /usr/bin/gmake  -f CMakeFiles/cmTC_7d94e.dir/build.make CMakeFiles/cmTC_7d94e.dir/build
gmake[1]: Entering directory '/home/samsung/DSA PROJECT/build/CMakeFiles/CMakeTmp'
Building CXX object CMakeFiles/cmTC_7d94e.dir/src.cxx.o
/usr/bin/c++ -DCXX_std__cpp17_FS_BuiltIn  -std=c++17 -std=gnu++11 -o CMakeFiles/cmTC_7d94e.dir/src.cxx.o -c "/home/samsung/DSA PROJECT/build/CMakeFiles/CMakeTmp/src.cxx"
/home/samsung/DSA PROJECT/build/CMakeFiles/CMakeTmp/src.cxx: In function ‘int main()’:
/home/samsung/DSA PROJECT/build/CMakeFiles/CMakeTmp/src.cxx:4:22: error: ‘std::filesystem’ has not been declared
    4 |                 std::filesystem::path p{"       mp/"};
      |                      ^~~~~~~~~~
/home/samsung/DSA PROJECT/build/CMakeFiles/CMakeTmp/src.cxx:5:28: error: ‘std::filesystem’ has not been declared
    5 |                 throw std::filesystem::filesystem_error("Empty file name!", std::make_error_code(std::errc::invalid_argument));
      |                            ^~~~~~~~~~
/home/samsung/DSA PROJECT/build/CMakeFiles/CMakeTmp/src.cxx:5:82: error: ‘make_error_code’ is not a member of ‘std’
    5 |                 throw std::filesystem::filesystem_error("Empty file name!", std::make_error_code(std::errc::invalid_argument));
      |                                                                                  ^~~~~~~~~~~~~~~
/home/samsung/DSA PROJECT/build/CMakeFiles/CMakeTmp/src.cxx:5:103: error: ‘std::errc’ has not been declared
    5 |                 throw std::filesystem::filesystem_error("Empty file name!", std::make_error_code(std::errc::invalid_argument));
      |                                                                                                       ^~~~
gmake[1]: *** [CMakeFiles/cmTC_7d94e.dir/build.make:78: CMakeFiles/cmTC_7d94e.dir/src.cxx.o] Error 1
gmake[1]: Leaving directory '/home/samsung/DSA PROJECT/build/CMakeFiles/CMakeTmp'
gmake: *** [Makefile:127: cmTC_7d94e/fast] Error 2


Source file was:
#include <filesystem>
            int main()
            {
                std::filesystem::path p{"	mp/"};
                throw std::filesystem::filesystem_error("Empty file name!", std::make_error_code(std::errc::invalid_argument));
            }
Performing C++ SOURCE FILE Test CXX_std__cpp17_FS_stdcppfs failed with the following output:
Change Dir: /home/samsung/DSA PROJECT/build/CMakeFiles/CMakeTmp

Run Build Command(s):/usr/bin/gmake -f Makefile cmTC_3fd75/fast && /usr/bin/gmake  -f CMakeFiles/cmTC_3fd75.dir/build.make CMakeFiles/cmTC_3fd75.dir/build
gmake[1]: Entering directory '/home/samsung/DSA PROJECT/build/CMakeFiles/CMakeTmp'
Building CXX object CMakeFiles/cmTC_3fd75.dir/src.cxx.o
/usr/bin/c++ -DCXX_std__cpp17_FS_stdcppfs  -std=c++17 -std=gnu++11 -o CMakeFiles/cmTC_3fd75.dir/src.cxx.o -c "/home/samsung/DSA PROJECT/build/CMakeFiles/CMakeTmp/src.cxx"
/home/samsung/DSA PROJECT/build/CMakeFiles/CMakeTmp/src.cxx: In function ‘int main()’:
/home/samsung/DSA PROJECT/build/CMakeFiles/CMakeTmp/src.cxx:4:22: error: ‘std::filesystem’ has not been declared
    4 |                 std::filesystem::path p{"       mp/"};
      |                      ^~~~~~~~~~
/home/samsung/DSA PROJECT/build/CMakeFiles/CMakeTmp/src.cxx:5:28: error: ‘std::filesystem’ has not been declared
    5 |                 throw std::filesystem::filesystem_error("Empty file name!", std::make_error_code(std::errc::invalid_argument));
      |                            ^~~~~~~~~~
/home/samsung/DSA PROJECT/build/CMakeFiles/CMakeTmp/src.cxx:5:82: error: ‘make_error_code’ is not a member of ‘std’
    5 |                 throw std::filesystem::filesystem_error("Empty file name!", std::make_error_code(std::errc::invalid_argument));
      |                                                                                  ^~~~~~~~~~~~~~~
/home/samsung/DSA PROJECT/build/CMakeFiles/CMakeTmp/src.cxx:5:103: error: ‘std::errc’ has not been declared
    5 |                 throw std::filesystem::filesystem_error("Empty file name!", std::make_error_code(std::errc::invalid_argument));
      |                                                                                                       ^~~~
gmake[1]: *** [CMakeFiles/cmTC_3fd75.dir/build.make:78: CMakeFiles/cmTC_3fd75.dir/src.cxx.o] Error 1
gmake[1]: Leaving directory '/home/samsung/DSA PROJECT/build/CMakeFiles/CMakeTmp'
gmake: *** [Makefile:127: cmTC_3fd75/fast] Error 2


Source file was:
#include <filesystem>
            int main()
            {
                std::filesystem::path p{"	mp/"};
                throw std::filesystem::filesystem_error("Empty file name!", std::make_error_code(std::errc::invalid_argument));
            }
Performing C++ SOURCE FILE Test CXX_std__cpp17_FS_cppfs failed with the following output:
Change Dir: /home/samsung/DSA PROJECT/build/CMakeFiles/CMakeTmp

Run Build Command(s):/usr/bin/gmake -f Makefile cmTC_9d714/fast && /usr/bin/gmake  -f CMakeFiles/cmTC_9d714.dir/build.make CMakeFiles/cmTC_9d714.dir/build
gmake[1]: Entering directory '/home/samsung/DSA PROJECT/build/CMakeFiles/CMakeTmp'
Building CXX object CMakeFiles/cmTC_9d714.dir/src.cxx.o
/usr/bin/c++ -DCXX_std__cpp17_FS_cppfs  -std=c++17 -std=gnu++11 -o CMakeFiles/cmTC_9d714.dir/src.cxx.o -c "/home/samsung/DSA PROJECT/build/CMakeFiles/CMakeTmp/src.cxx"
/home/samsung/DSA PROJECT/build/CMakeFiles/CMakeTmp/src.cxx: In function ‘int main()’:
/home/samsung/DSA PROJECT/build/CMakeFiles/CMakeTmp/src.cxx:4:22: error: ‘std::filesystem’ has not been declared
    4 |                 std::filesystem::path p{"       mp/"};
      |                      ^~~~~~~~~~
/home/samsung/DSA PROJECT/build/CMakeFiles/CMakeTmp/src.cxx:5:28: error: ‘std::filesystem’ has not been declared
    5 |                 throw std::filesystem::filesystem_error("Empty file name!", std::make_error_code(std::errc::invalid_argument));
      |                            ^~~~~~~~~~
/home/samsung/DSA PROJECT/build/CMakeFiles/CMakeTmp/src.cxx:5:82: error: ‘make_error_code’ is not a member of ‘std’
    5 |                 throw std::filesystem::filesystem_error("Empty file name!", std::make_error_code(std::errc::invalid_argument));
      |                                                                                  ^~~~~~~~~~~~~~~
/home/samsung/DSA PROJECT/build/CMakeFiles/CMakeTmp/src.cxx:5:103: error: ‘std::errc’ has not been declared
    5 |                 throw std::filesystem::filesystem_error("Empty file name!", std::make_error_code(std::errc::invalid_argument));
      |                                                                                                       ^~~~
gmake[1]: *** [CMakeFiles/cmTC_9d714.dir/build.make:78: CMakeFiles/cmTC_9d714.dir/src.cxx.o] Error 1
gmake[1]: Leaving directory '/home/samsung/DSA PROJECT/build/CMakeFiles/CMakeTmp'
gmake: *** [Makefile:127: cmTC_9d714/fast] Error 2


Source file was:
#include <filesystem>
            int main()
            {
                std::filesystem::path p{"	mp/"};
                throw std::filesystem::filesystem_error("Empty file name!", std::make_error_code(std::errc::invalid_argument));
            }
Performing C++ SOURCE FILE Test CXX_std_cpp17_FS_BuiltIn failed with the following output:
Change Dir: /home/samsung/DSA PROJECT/build/CMakeFiles/CMakeTmp

Run Build Command(s):/usr/bin/gmake -f Makefile cmTC_572bf/fast && /usr/bin/gmake  -f CMakeFiles/cmTC_572bf.dir/build.make CMakeFiles/cmTC_572bf.dir/build
gmake[1]: Entering directory '/home/samsung/DSA PROJECT/build/CMakeFiles/CMakeTmp'
Building CXX object CMakeFiles/cmTC_572bf.dir/src.cxx.o
/usr/bin/c++ -DCXX_std_cpp17_FS_BuiltIn  /std:c++17 -std=gnu++11 -o CMakeFiles/cmTC_572bf.dir/src.cxx.o -c "/home/samsung/DSA PROJECT/build/CMakeFiles/CMakeTmp/src.cxx"
/home/samsung/DSA PROJECT/build/CMakeFiles/CMakeTmp/src.cxx: In function ‘int main()’:
/home/samsung/DSA PROJECT/build/CMakeFiles/CMakeTmp/src.cxx:4:22: error: ‘std::filesystem’ has not been declared
    4 |                 std::filesystem::path p{"       mp/"};
      |                      ^~~~~~~~~~
/home/samsung/DSA PROJECT/build/CMakeFiles/CMakeTmp/src.cxx:5:28: error: ‘std::filesystem’ has not been declared
    5 |                 throw std::filesystem::filesystem_error("Empty file name!", std::make_error_code(std::errc::invalid_argument));
      |                            ^~~~~~~~~~
/home/samsung/DSA PROJECT/build/CMakeFiles/CMakeTmp/src.cxx:5:82: error: ‘make_error_code’ is not a member of ‘std’
    5 |                 throw std::filesystem::filesystem_error("Empty file name!", std::make_error_code(std::errc::invalid_argument));
      |                                                                                  ^~~~~~~~~~~~~~~
/home/samsung/DSA PROJECT/build/CMakeFiles/CMakeTmp/src.cxx:5:103: error: ‘std::errc’ has not been declared
    5 |                 throw std::filesystem::filesystem_error("Empty file name!", std::make_error_code(std::errc::invalid_argument));
      |                                                                                                       ^~~~
gmake[1]: *** [CMakeFiles/cmTC_572bf.dir/build.make:78: CMakeFiles/cmTC_572bf.dir/src.cxx.o] Error 1
gmake[1]: Leaving directory '/home/samsung/DSA PROJECT/build/CMakeFiles/CMakeTmp'
gmake: *** [Makefile:127: cmTC_572bf/fast] Error 2


Source file was:
#include <filesystem>
            int main()
            {
                std::filesystem::path p{"	mp/"};
                throw std::filesystem::filesystem_error("Empty file name!", std::make_error_code(std::errc::invalid_argument));
            }
Performing C++ SOURCE FILE Test CXX_std_cpp17_FS_stdcppfs failed with the following output:
Change Dir: /home/samsung/DSA PROJECT/build/CMakeFiles/CMakeTmp

Run Build Command(s):/usr/bin/gmake -f Makefile cmTC_ca3f6/fast && /usr/bin/gmake  -f CMakeFiles/cmTC_ca3f6.dir/build.make CMakeFiles/cmTC_ca3f6.dir/build
gmake[1]: Entering directory '/home/samsung/DSA PROJECT/build/CMakeFiles/CMakeTmp'
Building CXX object CMakeFiles/cmTC_ca3f6.dir/src.cxx.o
/usr/bin/c++ -DCXX_std_cpp17_FS_stdcppfs  /std:c++17 -std=gnu++11 -o CMakeFiles/cmTC_ca3f6.dir/src.cxx.o -c "/home/samsung/DSA PROJECT/build/CMakeFiles/CMakeTmp/src.cxx"
/home/samsung/DSA PROJECT/build/CMakeFiles/CMakeTmp/src.cxx: In function ‘int main()’:
/home/samsung/DSA PROJECT/build/CMakeFiles/CMakeTmp/src.cxx:4:22: error: ‘std::filesystem’ has not been declared
    4 |                 std::filesystem::path p{"       mp/"};
      |                      ^~~~~~~~~~
/home/samsung/DSA PROJECT/build/CMakeFiles/CMakeTmp/src.cxx:5:28: error: ‘std::filesystem’ has not been declared
    5 |                 throw std::filesystem::filesystem_error("Empty file name!", std::make_error_code(std::errc::invalid_argument));
      |                            ^~~~~~~~~~
/home/samsung/DSA PROJECT/build/CMakeFiles/CMakeTmp/src.cxx:5:82: error: ‘make_error_code’ is not a member of ‘std’
    5 |                 throw std::filesystem::filesystem_error("Empty file name!", std::make_error_code(std::errc::invalid_argument));
      |                                                                                  ^~~~~~~~~~~~~~~
/home/samsung/DSA PROJECT/build/CMakeFiles/CMakeTmp/src.cxx:5:103: error: ‘std::errc’ has not been declared
    5 |                 throw std::filesystem::filesystem_error("Empty file name!", std::make_error_code(std::errc::invalid_argument));
      |                                                                                                       ^~~~
gmake[1]: *** [CMakeFiles/cmTC_ca3f6.dir/build.make:78: CMakeFiles/cmTC_ca3f6.dir/src.cxx.o] Error 1
gmake[1]: Leaving directory '/home/samsung/DSA PROJECT/build/CMakeFiles/CMakeTmp'
gmake: *** [Makefile:127: cmTC_ca3f6/fast] Error 2


Source file was:
#include <filesystem>
            int main()
            {
                std::filesystem::path p{"	mp/"};
                throw std::filesystem::filesystem_error("Empty file name!", std::make_error_code(std::errc::invalid_argument));
            }
Performing C++ SOURCE FILE Test CXX_std_cpp17_FS_cppfs failed with the following output:
Change Dir: /home/samsung/DSA PROJECT/build/CMakeFiles/CMakeTmp

Run Build Command(s):/usr/bin/gmake -f Makefile cmTC_680dc/fast && /usr/bin/gmake  -f CMakeFiles/cmTC_680dc.dir/build.make CMakeFiles/cmTC_680dc.dir/build
gmake[1]: Entering directory '/home/samsung/DSA PROJECT/build/CMakeFiles/CMakeTmp'
Building CXX object CMakeFiles/cmTC_680dc.dir/src.cxx.o
/usr/bin/c++ -DCXX_std_cpp17_FS_cppfs  /std:c++17 -std=gnu++11 -o CMakeFiles/cmTC_680dc.dir/src.cxx.o -c "/home/samsung/DSA PROJECT/build/CMakeFiles/CMakeTmp/src.cxx"
/home/samsung/DSA PROJECT/build/CMakeFiles/CMakeTmp/src.cxx: In function ‘int main()’:
/home/samsung/DSA PROJECT/build/CMakeFiles/CMakeTmp/src.cxx:4:22: error: ‘std::filesystem’ has not been declared
    4 |                 std::filesystem::path p{"       mp/"};
      |                      ^~~~~~~~~~
/home/samsung/DSA PROJECT/build/CMakeFiles/CMakeTmp/src.cxx:5:28: error: ‘std::filesystem’ has not been declared
    5 |                 throw std::filesystem::filesystem_error("Empty file name!", std::make_error_code(std::errc::invalid_argument));
      |                            ^~~~~~~~~~
/home/samsung/DSA PROJECT/build/CMakeFiles/CMakeTmp/src.cxx:5:82: error: ‘make_error_code’ is not a member of ‘std’
    5 |                 throw std::filesystem::filesystem_error("Empty file name!", std::make_error_code(std::errc::invalid_argument));
      |                                                                                  ^~~~~~~~~~~~~~~
/home/samsung/DSA PROJECT/build/CMakeFiles/CMakeTmp/src.cxx:5:103: error: ‘std::errc’ has not been declared
    5 |                 throw std::filesystem::filesystem_error("Empty file name!", std::make_error_code(std::errc::invalid_argument));
      |                                                                                                       ^~~~
gmake[1]: *** [CMakeFiles/cmTC_680dc.dir/build.make:78: CMakeFiles/cmTC_680dc.dir/src.cxx.o] Error 1
gmake[1]: Leaving directory '/home/samsung/DSA PROJECT/build/CMakeFiles/CMakeTmp'
gmake: *** [Makefile:127: cmTC_680dc/fast] Error 2


Source file was:
#include <filesystem>
            int main()
            {
                std::filesystem::path p{"	mp/"};
                throw std::filesystem::filesystem_error("Empty file name!", std::make_error_code(std::errc::invalid_argument));
            }
